Mito using except
chrI using except
chrVI using except
chrIII using except
chrIX using except
chrVIII using except
chrV using except
chrXI using except
chrX using except
chrXIV using except
chrII using except
chrXIII using except
chrXVI using except
chrXII using except
chrVII using except
chrXV using except
chrIV using except
Mito using except
Traceback (most recent call last):
  File "/home/tomasz.turowski/mambaforge/envs/processing/lib/python3.10/site-packages/trxtools/SAMgeneral.py", line 327, in saveBigWig
    bw.addEntries([c] * len(starts), starts, ends=stops, values=vals)
RuntimeError: You must provide a valid set of entries. These can be comprised of any of the following: 
1. A list of each of chromosomes, start positions, end positions and values.
2. A list of each of start positions and values. Also, a chromosome and span must be specified.
3. A list values, in which case a single chromosome, start position, span and step must be specified.


During handling of the above exception, another exception occurred:

Traceback (most recent call last):
  File "/home/tomasz.turowski/mambaforge/envs/processing/bin/SAM2profilesGenomic.py", line 27, in <module>
    sam2genome(filename=args.sam_file, path=path, toClear=args.toClear,chunks=args.chunks, 
  File "/home/tomasz.turowski/mambaforge/envs/processing/lib/python3.10/site-packages/trxtools/SAMgenome.py", line 429, in sam2genome
    l = saveBigWig(paths=paths,suffix=suffix,bw_name=bw_name,chroms=chroms)
  File "/home/tomasz.turowski/mambaforge/envs/processing/lib/python3.10/site-packages/trxtools/SAMgeneral.py", line 334, in saveBigWig
    bw.addEntries([c] * len(starts), starts, ends=stops.tolist(), values=vals)
RuntimeError: The entries you tried to add are out of order, precede already added entries, or otherwise use illegal values.
 Please correct this and try again.

Mito using except
Traceback (most recent call last):
  File "/home/tomasz.turowski/mambaforge/envs/processing/lib/python3.10/site-packages/trxtools/SAMgeneral.py", line 327, in saveBigWig
    bw.addEntries([c] * len(starts), starts, ends=stops, values=vals)
RuntimeError: You must provide a valid set of entries. These can be comprised of any of the following: 
1. A list of each of chromosomes, start positions, end positions and values.
2. A list of each of start positions and values. Also, a chromosome and span must be specified.
3. A list values, in which case a single chromosome, start position, span and step must be specified.


During handling of the above exception, another exception occurred:

Traceback (most recent call last):
  File "/home/tomasz.turowski/mambaforge/envs/processing/bin/SAM2profilesGenomic.py", line 27, in <module>
    sam2genome(filename=args.sam_file, path=path, toClear=args.toClear,chunks=args.chunks, 
  File "/home/tomasz.turowski/mambaforge/envs/processing/lib/python3.10/site-packages/trxtools/SAMgenome.py", line 421, in sam2genome
    l = saveBigWig(paths=paths,suffix=suffix,bw_name=bw_name,chroms=chroms)
  File "/home/tomasz.turowski/mambaforge/envs/processing/lib/python3.10/site-packages/trxtools/SAMgeneral.py", line 334, in saveBigWig
    bw.addEntries([c] * len(starts), starts, ends=stops.tolist(), values=vals)
RuntimeError: The entries you tried to add are out of order, precede already added entries, or otherwise use illegal values.
 Please correct this and try again.

Mito using except
Traceback (most recent call last):
  File "/home/tomasz.turowski/mambaforge/envs/processing/lib/python3.10/site-packages/trxtools/SAMgeneral.py", line 327, in saveBigWig
    bw.addEntries([c] * len(starts), starts, ends=stops, values=vals)
RuntimeError: You must provide a valid set of entries. These can be comprised of any of the following: 
1. A list of each of chromosomes, start positions, end positions and values.
2. A list of each of start positions and values. Also, a chromosome and span must be specified.
3. A list values, in which case a single chromosome, start position, span and step must be specified.


During handling of the above exception, another exception occurred:

Traceback (most recent call last):
  File "/home/tomasz.turowski/mambaforge/envs/processing/bin/SAM2profilesGenomic.py", line 27, in <module>
    sam2genome(filename=args.sam_file, path=path, toClear=args.toClear,chunks=args.chunks, 
  File "/home/tomasz.turowski/mambaforge/envs/processing/lib/python3.10/site-packages/trxtools/SAMgenome.py", line 421, in sam2genome
    l = saveBigWig(paths=paths,suffix=suffix,bw_name=bw_name,chroms=chroms)
  File "/home/tomasz.turowski/mambaforge/envs/processing/lib/python3.10/site-packages/trxtools/SAMgeneral.py", line 334, in saveBigWig
    bw.addEntries([c] * len(starts), starts, ends=stops.tolist(), values=vals)
RuntimeError: The entries you tried to add are out of order, precede already added entries, or otherwise use illegal values.
 Please correct this and try again.

Mito using except
Traceback (most recent call last):
  File "/home/tomasz.turowski/mambaforge/envs/processing/lib/python3.10/site-packages/trxtools/SAMgeneral.py", line 327, in saveBigWig
    bw.addEntries([c] * len(starts), starts, ends=stops, values=vals)
RuntimeError: You must provide a valid set of entries. These can be comprised of any of the following: 
1. A list of each of chromosomes, start positions, end positions and values.
2. A list of each of start positions and values. Also, a chromosome and span must be specified.
3. A list values, in which case a single chromosome, start position, span and step must be specified.


During handling of the above exception, another exception occurred:

Traceback (most recent call last):
  File "/home/tomasz.turowski/mambaforge/envs/processing/bin/SAM2profilesGenomic.py", line 27, in <module>
    sam2genome(filename=args.sam_file, path=path, toClear=args.toClear,chunks=args.chunks, 
  File "/home/tomasz.turowski/mambaforge/envs/processing/lib/python3.10/site-packages/trxtools/SAMgenome.py", line 421, in sam2genome
    l = saveBigWig(paths=paths,suffix=suffix,bw_name=bw_name,chroms=chroms)
  File "/home/tomasz.turowski/mambaforge/envs/processing/lib/python3.10/site-packages/trxtools/SAMgeneral.py", line 334, in saveBigWig
    bw.addEntries([c] * len(starts), starts, ends=stops.tolist(), values=vals)
RuntimeError: The entries you tried to add are out of order, precede already added entries, or otherwise use illegal values.
 Please correct this and try again.

Mito using except
chrI using except
chrVI using except
chrIII using except
chrIX using except
chrVIII using except
chrV using except
chrXI using except
chrX using except
chrXIV using except
chrII using except
chrXIII using except
chrXVI using except
chrXII using except
chrVII using except
chrXV using except
chrIV using except
Mito using except
chrI using except
chrVI using except
chrIII using except
chrIX using except
chrVIII using except
chrV using except
chrXI using except
chrX using except
chrXIV using except
chrII using except
chrXIII using except
chrXVI using except
chrXII using except
chrVII using except
chrXV using except
chrIV using except
Mito using except
chrI using except
chrVI using except
chrIII using except
chrIX using except
chrVIII using except
chrV using except
chrXI using except
chrX using except
chrXIV using except
chrII using except
chrXIII using except
chrXVI using except
chrXII using except
chrVII using except
chrXV using except
chrIV using except
Mito using except
chrI using except
chrVI using except
chrIII using except
chrIX using except
chrVIII using except
chrV using except
chrXI using except
chrX using except
chrXIV using except
chrII using except
chrXIII using except
chrXVI using except
chrXII using except
chrVII using except
chrXV using except
chrIV using except
Mito using except
chrI using except
chrVI using except
chrIII using except
chrIX using except
chrVIII using except
chrV using except
chrXI using except
chrX using except
chrXIV using except
chrII using except
chrXIII using except
chrXVI using except
chrXII using except
chrVII using except
chrXV using except
chrIV using except
Mito using except
chrI using except
chrVI using except
chrIII using except
chrIX using except
chrVIII using except
chrV using except
chrXI using except
chrX using except
chrXIV using except
chrII using except
chrXIII using except
chrXVI using except
chrXII using except
chrVII using except
chrXV using except
chrIV using except
Mito using except
chrI using except
chrVI using except
chrIII using except
chrIX using except
chrVIII using except
chrV using except
chrXI using except
chrX using except
chrXIV using except
chrII using except
chrXIII using except
chrXVI using except
chrXII using except
chrVII using except
chrXV using except
chrIV using except
Mito using except
chrI using except
chrVI using except
chrIII using except
chrIX using except
chrVIII using except
chrV using except
chrXI using except
chrX using except
chrXIV using except
chrII using except
chrXIII using except
chrXVI using except
chrXII using except
chrVII using except
chrXV using except
chrIV using except
Mito using except
chrI using except
chrVI using except
chrIII using except
chrIX using except
chrVIII using except
chrV using except
chrXI using except
chrX using except
chrXIV using except
chrII using except
chrXIII using except
chrXVI using except
chrXII using except
chrVII using except
chrXV using except
chrIV using except
Mito using except
chrI using except
chrVI using except
chrIII using except
chrIX using except
chrVIII using except
chrV using except
chrXI using except
chrX using except
chrXIV using except
chrII using except
chrXIII using except
chrXVI using except
chrXII using except
chrVII using except
chrXV using except
chrIV using except
Mito using except
chrI using except
chrVI using except
chrIII using except
chrIX using except
chrVIII using except
chrV using except
chrXI using except
chrX using except
chrXIV using except
chrII using except
chrXIII using except
chrXVI using except
chrXII using except
chrVII using except
chrXV using except
chrIV using except
Mito using except
chrI using except
chrVI using except
chrIII using except
chrIX using except
chrVIII using except
chrV using except
chrXI using except
chrX using except
chrXIV using except
chrII using except
chrXIII using except
chrXVI using except
chrXII using except
chrVII using except
chrXV using except
chrIV using except
Mito using except
chrI using except
chrVI using except
chrIII using except
chrIX using except
chrVIII using except
chrV using except
chrXI using except
chrX using except
chrXIV using except
chrII using except
chrXIII using except
chrXVI using except
chrXII using except
chrVII using except
chrXV using except
chrIV using except
Mito using except
chrI using except
chrVI using except
chrIII using except
chrIX using except
chrVIII using except
chrV using except
chrXI using except
chrX using except
chrXIV using except
chrII using except
chrXIII using except
chrXVI using except
chrXII using except
chrVII using except
chrXV using except
chrIV using except
Mito using except
chrI using except
chrVI using except
chrIII using except
chrIX using except
chrVIII using except
chrV using except
chrXI using except
chrX using except
chrXIV using except
chrII using except
chrXIII using except
chrXVI using except
chrXII using except
chrVII using except
chrXV using except
chrIV using except
Mito using except
chrI using except
chrVI using except
chrIII using except
chrIX using except
chrVIII using except
chrV using except
chrXI using except
chrX using except
chrXIV using except
chrII using except
chrXIII using except
chrXVI using except
chrXII using except
chrVII using except
chrXV using except
chrIV using except
Mito using except
chrI using except
chrVI using except
chrIII using except
chrIX using except
chrVIII using except
chrV using except
chrXI using except
chrX using except
chrXIV using except
chrII using except
chrXIII using except
chrXVI using except
chrXII using except
chrVII using except
chrXV using except
chrIV using except
Mito using except
chrI using except
chrVI using except
chrIII using except
chrIX using except
chrVIII using except
chrV using except
chrXI using except
chrX using except
chrXIV using except
chrII using except
chrXIII using except
chrXVI using except
chrXII using except
chrVII using except
chrXV using except
chrIV using except
Mito using except
chrI using except
chrVI using except
chrIII using except
chrIX using except
chrVIII using except
chrV using except
chrXI using except
chrX using except
chrXIV using except
chrII using except
chrXIII using except
chrXVI using except
chrXII using except
chrVII using except
chrXV using except
chrIV using except
Mito using except
chrI using except
chrVI using except
chrIII using except
chrIX using except
chrVIII using except
chrV using except
chrXI using except
chrX using except
chrXIV using except
chrII using except
chrXIII using except
chrXVI using except
chrXII using except
chrVII using except
chrXV using except
chrIV using except
Mito using except
chrI using except
chrVI using except
chrIII using except
chrIX using except
chrVIII using except
chrV using except
chrXI using except
chrX using except
chrXIV using except
chrII using except
chrXIII using except
chrXVI using except
chrXII using except
chrVII using except
chrXV using except
chrIV using except
Mito using except
chrI using except
chrVI using except
chrIII using except
chrIX using except
chrVIII using except
chrV using except
chrXI using except
chrX using except
chrXIV using except
chrII using except
chrXIII using except
chrXVI using except
chrXII using except
chrVII using except
chrXV using except
chrIV using except
Mito using except
chrI using except
chrVI using except
chrIII using except
chrIX using except
chrVIII using except
chrV using except
chrXI using except
chrX using except
chrXIV using except
chrII using except
chrXIII using except
chrXVI using except
chrXII using except
chrVII using except
chrXV using except
chrIV using except
Mito using except
chrI using except
chrVI using except
chrIII using except
chrIX using except
chrVIII using except
chrV using except
chrXI using except
chrX using except
chrXIV using except
chrII using except
chrXIII using except
chrXVI using except
chrXII using except
chrVII using except
chrXV using except
chrIV using except
Mito using except
chrI using except
chrVI using except
chrIII using except
chrIX using except
chrVIII using except
chrV using except
chrXI using except
chrX using except
chrXIV using except
chrII using except
chrXIII using except
chrXVI using except
chrXII using except
chrVII using except
chrXV using except
chrIV using except
Mito using except
chrI using except
chrVI using except
chrIII using except
chrIX using except
chrVIII using except
chrV using except
chrXI using except
chrX using except
chrXIV using except
chrII using except
chrXIII using except
chrXVI using except
chrXII using except
chrVII using except
chrXV using except
chrIV using except
Mito using except
chrI using except
chrVI using except
chrIII using except
chrIX using except
chrVIII using except
chrV using except
chrXI using except
chrX using except
chrXIV using except
chrII using except
chrXIII using except
chrXVI using except
chrXII using except
chrVII using except
chrXV using except
chrIV using except
Mito using except
chrI using except
chrVI using except
chrIII using except
chrIX using except
chrVIII using except
chrV using except
chrXI using except
chrX using except
chrXIV using except
chrII using except
chrXIII using except
chrXVI using except
chrXII using except
chrVII using except
chrXV using except
chrIV using except
Mito using except
chrI using except
chrVI using except
chrIII using except
chrIX using except
chrVIII using except
chrV using except
chrXI using except
chrX using except
chrXIV using except
chrII using except
chrXIII using except
chrXVI using except
chrXII using except
chrVII using except
chrXV using except
chrIV using except
Mito using except
chrI using except
chrVI using except
chrIII using except
chrIX using except
chrVIII using except
chrV using except
chrXI using except
chrX using except
chrXIV using except
chrII using except
chrXIII using except
chrXVI using except
chrXII using except
chrVII using except
chrXV using except
chrIV using except
Mito using except
chrI using except
chrVI using except
chrIII using except
chrIX using except
chrVIII using except
chrV using except
chrXI using except
chrX using except
chrXIV using except
chrII using except
chrXIII using except
chrXVI using except
chrXII using except
chrVII using except
chrXV using except
chrIV using except
Mito using except
chrI using except
chrVI using except
chrIII using except
chrIX using except
chrVIII using except
chrV using except
chrXI using except
chrX using except
chrXIV using except
chrII using except
chrXIII using except
chrXVI using except
chrXII using except
chrVII using except
chrXV using except
chrIV using except
Mito using except
chrI using except
chrVI using except
chrIII using except
chrIX using except
chrVIII using except
chrV using except
chrXI using except
chrX using except
chrXIV using except
chrII using except
chrXIII using except
chrXVI using except
chrXII using except
chrVII using except
chrXV using except
chrIV using except
Mito using except
chrI using except
chrVI using except
chrIII using except
chrIX using except
chrVIII using except
chrV using except
chrXI using except
chrX using except
chrXIV using except
chrII using except
chrXIII using except
chrXVI using except
chrXII using except
chrVII using except
chrXV using except
chrIV using except
Mito using except
chrI using except
chrVI using except
chrIII using except
chrIX using except
chrVIII using except
chrV using except
chrXI using except
chrX using except
chrXIV using except
chrII using except
chrXIII using except
chrXVI using except
chrXII using except
chrVII using except
chrXV using except
chrIV using except
Mito using except
chrI using except
chrVI using except
chrIII using except
chrIX using except
chrVIII using except
chrV using except
chrXI using except
chrX using except
chrXIV using except
chrII using except
chrXIII using except
chrXVI using except
chrXII using except
chrVII using except
chrXV using except
chrIV using except
Mito using except
chrI using except
chrVI using except
chrIII using except
chrIX using except
chrVIII using except
chrV using except
chrXI using except
chrX using except
chrXIV using except
chrII using except
chrXIII using except
chrXVI using except
chrXII using except
chrVII using except
chrXV using except
chrIV using except
Mito using except
chrI using except
chrVI using except
chrIII using except
chrIX using except
chrVIII using except
chrV using except
chrXI using except
chrX using except
chrXIV using except
chrII using except
chrXIII using except
chrXVI using except
chrXII using except
chrVII using except
chrXV using except
chrIV using except
Mito using except
chrI using except
chrVI using except
chrIII using except
chrIX using except
chrVIII using except
chrV using except
chrXI using except
chrX using except
chrXIV using except
chrII using except
chrXIII using except
chrXVI using except
chrXII using except
chrVII using except
chrXV using except
chrIV using except
Mito using except
chrI using except
chrVI using except
chrIII using except
chrIX using except
chrVIII using except
chrV using except
chrXI using except
chrX using except
chrXIV using except
chrII using except
chrXIII using except
chrXVI using except
chrXII using except
chrVII using except
chrXV using except
chrIV using except
Mito using except
chrI using except
chrVI using except
chrIII using except
chrIX using except
chrVIII using except
chrV using except
chrXI using except
chrX using except
chrXIV using except
chrII using except
chrXIII using except
chrXVI using except
chrXII using except
chrVII using except
chrXV using except
chrIV using except
Mito using except
chrI using except
chrVI using except
chrIII using except
chrIX using except
chrVIII using except
chrV using except
chrXI using except
chrX using except
chrXIV using except
chrII using except
chrXIII using except
chrXVI using except
chrXII using except
chrVII using except
chrXV using except
chrIV using except
Mito using except
chrI using except
chrVI using except
chrIII using except
chrIX using except
chrVIII using except
chrV using except
chrXI using except
chrX using except
chrXIV using except
chrII using except
chrXIII using except
chrXVI using except
chrXII using except
chrVII using except
chrXV using except
chrIV using except
Mito using except
chrI using except
chrVI using except
chrIII using except
chrIX using except
chrVIII using except
chrV using except
chrXI using except
chrX using except
chrXIV using except
chrII using except
chrXIII using except
chrXVI using except
chrXII using except
chrVII using except
chrXV using except
chrIV using except
Mito using except
chrI using except
chrVI using except
chrIII using except
chrIX using except
chrVIII using except
chrV using except
chrXI using except
chrX using except
chrXIV using except
chrII using except
chrXIII using except
chrXVI using except
chrXII using except
chrVII using except
chrXV using except
chrIV using except
Mito using except
chrI using except
chrVI using except
chrIII using except
chrIX using except
chrVIII using except
chrV using except
chrXI using except
chrX using except
chrXIV using except
chrII using except
chrXIII using except
chrXVI using except
chrXII using except
chrVII using except
chrXV using except
chrIV using except
Mito using except
chrI using except
chrVI using except
chrIII using except
chrIX using except
chrVIII using except
chrV using except
chrXI using except
chrX using except
chrXIV using except
chrII using except
chrXIII using except
chrXVI using except
chrXII using except
chrVII using except
chrXV using except
chrIV using except
Mito using except
chrI using except
chrVI using except
chrIII using except
chrIX using except
chrVIII using except
chrV using except
chrXI using except
chrX using except
chrXIV using except
chrII using except
chrXIII using except
chrXVI using except
chrXII using except
chrVII using except
chrXV using except
chrIV using except
Mito using except
chrI using except
chrVI using except
chrIII using except
chrIX using except
chrVIII using except
chrV using except
chrXI using except
chrX using except
chrXIV using except
chrII using except
chrXIII using except
chrXVI using except
chrXII using except
chrVII using except
chrXV using except
chrIV using except
Mito using except
chrI using except
chrVI using except
chrIII using except
chrIX using except
chrVIII using except
chrV using except
chrXI using except
chrX using except
chrXIV using except
chrII using except
chrXIII using except
chrXVI using except
chrXII using except
chrVII using except
chrXV using except
chrIV using except
Mito using except
chrI using except
chrVI using except
chrIII using except
chrIX using except
chrVIII using except
chrV using except
chrXI using except
chrX using except
chrXIV using except
chrII using except
chrXIII using except
chrXVI using except
chrXII using except
chrVII using except
chrXV using except
chrIV using except
Mito using except
chrI using except
chrVI using except
chrIII using except
chrIX using except
chrVIII using except
chrV using except
chrXI using except
chrX using except
chrXIV using except
chrII using except
chrXIII using except
chrXVI using except
chrXII using except
chrVII using except
chrXV using except
chrIV using except
Mito using except
chrI using except
chrVI using except
chrIII using except
chrIX using except
chrVIII using except
chrV using except
chrXI using except
chrX using except
chrXIV using except
chrII using except
chrXIII using except
chrXVI using except
chrXII using except
chrVII using except
chrXV using except
chrIV using except
Mito using except
chrI using except
chrVI using except
chrIII using except
chrIX using except
chrVIII using except
chrV using except
chrXI using except
chrX using except
chrXIV using except
chrII using except
chrXIII using except
chrXVI using except
chrXII using except
chrVII using except
chrXV using except
chrIV using except
Mito using except
chrI using except
chrVI using except
chrIII using except
chrIX using except
chrVIII using except
chrV using except
chrXI using except
chrX using except
chrXIV using except
chrII using except
chrXIII using except
chrXVI using except
chrXII using except
chrVII using except
chrXV using except
chrIV using except
Mito using except
chrI using except
chrVI using except
chrIII using except
chrIX using except
chrVIII using except
chrV using except
chrXI using except
chrX using except
chrXIV using except
chrII using except
chrXIII using except
chrXVI using except
chrXII using except
chrVII using except
chrXV using except
chrIV using except
Mito using except
chrI using except
chrVI using except
chrIII using except
chrIX using except
chrVIII using except
chrV using except
chrXI using except
chrX using except
chrXIV using except
chrII using except
chrXIII using except
chrXVI using except
chrXII using except
chrVII using except
chrXV using except
chrIV using except
Mito using except
chrI using except
chrVI using except
chrIII using except
chrIX using except
chrVIII using except
chrV using except
chrXI using except
chrX using except
chrXIV using except
chrII using except
chrXIII using except
chrXVI using except
chrXII using except
chrVII using except
chrXV using except
chrIV using except
Mito using except
chrI using except
chrVI using except
chrIII using except
chrIX using except
chrVIII using except
chrV using except
chrXI using except
chrX using except
chrXIV using except
chrII using except
chrXIII using except
chrXVI using except
chrXII using except
chrVII using except
chrXV using except
chrIV using except
Mito using except
chrI using except
chrVI using except
chrIII using except
chrIX using except
chrVIII using except
chrV using except
chrXI using except
chrX using except
chrXIV using except
chrII using except
chrXIII using except
chrXVI using except
chrXII using except
chrVII using except
chrXV using except
chrIV using except
Mito using except
chrI using except
chrVI using except
chrIII using except
chrIX using except
chrVIII using except
chrV using except
chrXI using except
chrX using except
chrXIV using except
chrII using except
chrXIII using except
chrXVI using except
chrXII using except
chrVII using except
chrXV using except
chrIV using except
Mito using except
chrI using except
chrVI using except
chrIII using except
chrIX using except
chrVIII using except
chrV using except
chrXI using except
chrX using except
chrXIV using except
chrII using except
chrXIII using except
chrXVI using except
chrXII using except
chrVII using except
chrXV using except
chrIV using except
Mito using except
chrI using except
chrVI using except
chrIII using except
chrIX using except
chrVIII using except
chrV using except
chrXI using except
chrX using except
chrXIV using except
chrII using except
chrXIII using except
chrXVI using except
chrXII using except
chrVII using except
chrXV using except
chrIV using except
Mito using except
chrI using except
chrVI using except
chrIII using except
chrIX using except
chrVIII using except
chrV using except
chrXI using except
chrX using except
chrXIV using except
chrII using except
chrXIII using except
chrXVI using except
chrXII using except
chrVII using except
chrXV using except
chrIV using except
Mito using except
chrI using except
chrVI using except
chrIII using except
chrIX using except
chrVIII using except
chrV using except
chrXI using except
chrX using except
chrXIV using except
chrII using except
chrXIII using except
chrXVI using except
chrXII using except
chrVII using except
chrXV using except
chrIV using except
Mito using except
chrI using except
chrVI using except
chrIII using except
chrIX using except
chrVIII using except
chrV using except
chrXI using except
chrX using except
chrXIV using except
chrII using except
chrXIII using except
chrXVI using except
chrXII using except
chrVII using except
chrXV using except
chrIV using except
Mito using except
chrI using except
chrVI using except
chrIII using except
chrIX using except
chrVIII using except
chrV using except
chrXI using except
chrX using except
chrXIV using except
chrII using except
chrXIII using except
chrXVI using except
chrXII using except
chrVII using except
chrXV using except
chrIV using except
Mito using except
chrI using except
chrVI using except
chrIII using except
chrIX using except
chrVIII using except
chrV using except
chrXI using except
chrX using except
chrXIV using except
chrII using except
chrXIII using except
chrXVI using except
chrXII using except
chrVII using except
chrXV using except
chrIV using except
Mito using except
chrI using except
chrVI using except
chrIII using except
chrIX using except
chrVIII using except
chrV using except
chrXI using except
chrX using except
chrXIV using except
chrII using except
chrXIII using except
chrXVI using except
chrXII using except
chrVII using except
chrXV using except
chrIV using except
Mito using except
chrI using except
chrVI using except
chrIII using except
chrIX using except
chrVIII using except
chrV using except
chrXI using except
chrX using except
chrXIV using except
chrII using except
chrXIII using except
chrXVI using except
chrXII using except
chrVII using except
chrXV using except
chrIV using except
Mito using except
chrI using except
chrVI using except
chrIII using except
chrIX using except
chrVIII using except
chrV using except
chrXI using except
chrX using except
chrXIV using except
chrII using except
chrXIII using except
chrXVI using except
chrXII using except
chrVII using except
chrXV using except
chrIV using except
Mito using except
chrI using except
chrVI using except
chrIII using except
chrIX using except
chrVIII using except
chrV using except
chrXI using except
chrX using except
chrXIV using except
chrII using except
chrXIII using except
chrXVI using except
chrXII using except
chrVII using except
chrXV using except
chrIV using except
Mito using except
chrI using except
chrVI using except
chrIII using except
chrIX using except
chrVIII using except
chrV using except
chrXI using except
chrX using except
chrXIV using except
chrII using except
chrXIII using except
chrXVI using except
chrXII using except
chrVII using except
chrXV using except
chrIV using except
Mito using except
chrI using except
chrVI using except
chrIII using except
chrIX using except
chrVIII using except
chrV using except
chrXI using except
chrX using except
chrXIV using except
chrII using except
chrXIII using except
chrXVI using except
chrXII using except
chrVII using except
chrXV using except
chrIV using except
Mito using except
chrI using except
chrVI using except
chrIII using except
chrIX using except
chrVIII using except
chrV using except
chrXI using except
chrX using except
chrXIV using except
chrII using except
chrXIII using except
chrXVI using except
chrXII using except
chrVII using except
chrXV using except
chrIV using except
Mito using except
chrI using except
chrVI using except
chrIII using except
chrIX using except
chrVIII using except
chrV using except
chrXI using except
chrX using except
chrXIV using except
chrII using except
chrXIII using except
chrXVI using except
chrXII using except
chrVII using except
chrXV using except
chrIV using except
Mito using except
chrI using except
chrVI using except
chrIII using except
chrIX using except
chrVIII using except
chrV using except
chrXI using except
chrX using except
chrXIV using except
chrII using except
chrXIII using except
chrXVI using except
chrXII using except
chrVII using except
chrXV using except
chrIV using except
Mito using except
chrI using except
chrVI using except
chrIII using except
chrIX using except
chrVIII using except
chrV using except
chrXI using except
chrX using except
chrXIV using except
chrII using except
chrXIII using except
chrXVI using except
chrXII using except
chrVII using except
chrXV using except
chrIV using except
Mito using except
chrI using except
chrVI using except
chrIII using except
chrIX using except
chrVIII using except
chrV using except
chrXI using except
chrX using except
chrXIV using except
chrII using except
chrXIII using except
chrXVI using except
chrXII using except
chrVII using except
chrXV using except
chrIV using except
Mito using except
chrI using except
chrVI using except
chrIII using except
chrIX using except
chrVIII using except
chrV using except
chrXI using except
chrX using except
chrXIV using except
chrII using except
chrXIII using except
chrXVI using except
chrXII using except
chrVII using except
chrXV using except
chrIV using except
Mito using except
chrI using except
chrVI using except
chrIII using except
chrIX using except
chrVIII using except
chrV using except
chrXI using except
chrX using except
chrXIV using except
chrII using except
chrXIII using except
chrXVI using except
chrXII using except
chrVII using except
chrXV using except
chrIV using except
Mito using except
chrI using except
chrVI using except
chrIII using except
chrIX using except
chrVIII using except
chrV using except
chrXI using except
chrX using except
chrXIV using except
chrII using except
chrXIII using except
chrXVI using except
chrXII using except
chrVII using except
chrXV using except
chrIV using except
Mito using except
chrI using except
chrVI using except
chrIII using except
chrIX using except
chrVIII using except
chrV using except
chrXI using except
chrX using except
chrXIV using except
chrII using except
chrXIII using except
chrXVI using except
chrXII using except
chrVII using except
chrXV using except
chrIV using except
Mito using except
chrI using except
chrVI using except
chrIII using except
chrIX using except
chrVIII using except
chrV using except
chrXI using except
chrX using except
chrXIV using except
chrII using except
chrXIII using except
chrXVI using except
chrXII using except
chrVII using except
chrXV using except
chrIV using except
Mito using except
chrI using except
chrVI using except
chrIII using except
chrIX using except
chrVIII using except
chrV using except
chrXI using except
chrX using except
chrXIV using except
chrII using except
chrXIII using except
chrXVI using except
chrXII using except
chrVII using except
chrXV using except
chrIV using except
Mito using except
chrI using except
chrVI using except
chrIII using except
chrIX using except
chrVIII using except
chrV using except
chrXI using except
chrX using except
chrXIV using except
chrII using except
chrXIII using except
chrXVI using except
chrXII using except
chrVII using except
chrXV using except
chrIV using except
Mito using except
chrI using except
chrVI using except
chrIII using except
chrIX using except
chrVIII using except
chrV using except
chrXI using except
chrX using except
chrXIV using except
chrII using except
chrXIII using except
chrXVI using except
chrXII using except
chrVII using except
chrXV using except
chrIV using except
Mito using except
chrI using except
chrVI using except
chrIII using except
chrIX using except
chrVIII using except
chrV using except
chrXI using except
chrX using except
chrXIV using except
chrII using except
chrXIII using except
chrXVI using except
chrXII using except
chrVII using except
chrXV using except
chrIV using except
Mito using except
chrI using except
chrVI using except
chrIII using except
chrIX using except
chrVIII using except
chrV using except
chrXI using except
chrX using except
chrXIV using except
chrII using except
chrXIII using except
chrXVI using except
chrXII using except
chrVII using except
chrXV using except
chrIV using except
Mito using except
chrI using except
chrVI using except
chrIII using except
chrIX using except
chrVIII using except
chrV using except
chrXI using except
chrX using except
chrXIV using except
chrII using except
chrXIII using except
chrXVI using except
chrXII using except
chrVII using except
chrXV using except
chrIV using except
Mito using except
chrI using except
chrVI using except
chrIII using except
chrIX using except
chrVIII using except
chrV using except
chrXI using except
chrX using except
chrXIV using except
chrII using except
chrXIII using except
chrXVI using except
chrXII using except
chrVII using except
chrXV using except
chrIV using except
Mito using except
chrI using except
chrVI using except
chrIII using except
chrIX using except
chrVIII using except
chrV using except
chrXI using except
chrX using except
chrXIV using except
chrII using except
chrXIII using except
chrXVI using except
chrXII using except
chrVII using except
chrXV using except
chrIV using except
Mito using except
chrI using except
chrVI using except
chrIII using except
chrIX using except
chrVIII using except
chrV using except
chrXI using except
chrX using except
chrXIV using except
chrII using except
chrXIII using except
chrXVI using except
chrXII using except
chrVII using except
chrXV using except
chrIV using except
Mito using except
chrI using except
chrVI using except
chrIII using except
chrIX using except
chrVIII using except
chrV using except
chrXI using except
chrX using except
chrXIV using except
chrII using except
chrXIII using except
chrXVI using except
chrXII using except
chrVII using except
chrXV using except
chrIV using except
Mito using except
chrI using except
chrVI using except
chrIII using except
chrIX using except
chrVIII using except
chrV using except
chrXI using except
chrX using except
chrXIV using except
chrII using except
chrXIII using except
chrXVI using except
chrXII using except
chrVII using except
chrXV using except
chrIV using except
Mito using except
chrI using except
chrVI using except
chrIII using except
chrIX using except
chrVIII using except
chrV using except
chrXI using except
chrX using except
chrXIV using except
chrII using except
chrXIII using except
chrXVI using except
chrXII using except
chrVII using except
chrXV using except
chrIV using except
Mito using except
chrI using except
chrVI using except
chrIII using except
chrIX using except
chrVIII using except
chrV using except
chrXI using except
chrX using except
chrXIV using except
chrII using except
chrXIII using except
chrXVI using except
chrXII using except
chrVII using except
chrXV using except
chrIV using except
Mito using except
chrI using except
chrVI using except
chrIII using except
chrIX using except
chrVIII using except
chrV using except
chrXI using except
chrX using except
chrXIV using except
chrII using except
chrXIII using except
chrXVI using except
chrXII using except
chrVII using except
chrXV using except
chrIV using except
Mito using except
chrI using except
chrVI using except
chrIII using except
chrIX using except
chrVIII using except
chrV using except
chrXI using except
chrX using except
chrXIV using except
chrII using except
chrXIII using except
chrXVI using except
chrXII using except
chrVII using except
chrXV using except
chrIV using except
Mito using except
chrI using except
chrVI using except
chrIII using except
chrIX using except
chrVIII using except
chrV using except
chrXI using except
chrX using except
chrXIV using except
chrII using except
chrXIII using except
chrXVI using except
chrXII using except
chrVII using except
chrXV using except
chrIV using except
Mito using except
chrI using except
chrVI using except
chrIII using except
chrIX using except
chrVIII using except
chrV using except
chrXI using except
chrX using except
chrXIV using except
chrII using except
chrXIII using except
chrXVI using except
chrXII using except
chrVII using except
chrXV using except
chrIV using except
Mito using except
chrI using except
chrVI using except
chrIII using except
chrIX using except
chrVIII using except
chrV using except
chrXI using except
chrX using except
chrXIV using except
chrII using except
chrXIII using except
chrXVI using except
chrXII using except
chrVII using except
chrXV using except
chrIV using except
Mito using except
chrI using except
chrVI using except
chrIII using except
chrIX using except
chrVIII using except
chrV using except
chrXI using except
chrX using except
chrXIV using except
chrII using except
chrXIII using except
chrXVI using except
chrXII using except
chrVII using except
chrXV using except
chrIV using except
Mito using except
chrI using except
chrVI using except
chrIII using except
chrIX using except
chrVIII using except
chrV using except
chrXI using except
chrX using except
chrXIV using except
chrII using except
chrXIII using except
chrXVI using except
chrXII using except
chrVII using except
chrXV using except
chrIV using except
Mito using except
chrI using except
chrVI using except
chrIII using except
chrIX using except
chrVIII using except
chrV using except
chrXI using except
chrX using except
chrXIV using except
chrII using except
chrXIII using except
chrXVI using except
chrXII using except
chrVII using except
chrXV using except
chrIV using except
Mito using except
chrI using except
chrVI using except
chrIII using except
chrIX using except
chrVIII using except
chrV using except
chrXI using except
chrX using except
chrXIV using except
chrII using except
chrXIII using except
chrXVI using except
chrXII using except
chrVII using except
chrXV using except
chrIV using except
Mito using except
chrI using except
chrVI using except
chrIII using except
chrIX using except
chrVIII using except
chrV using except
chrXI using except
chrX using except
chrXIV using except
chrII using except
chrXIII using except
chrXVI using except
chrXII using except
chrVII using except
chrXV using except
chrIV using except
Mito using except
chrI using except
chrVI using except
chrIII using except
chrIX using except
chrVIII using except
chrV using except
chrXI using except
chrX using except
chrXIV using except
chrII using except
chrXIII using except
chrXVI using except
chrXII using except
chrVII using except
chrXV using except
chrIV using except
Mito using except
chrI using except
chrVI using except
chrIII using except
chrIX using except
chrVIII using except
chrV using except
chrXI using except
chrX using except
chrXIV using except
chrII using except
chrXIII using except
chrXVI using except
chrXII using except
chrVII using except
chrXV using except
chrIV using except
Mito using except
chrI using except
chrVI using except
chrIII using except
chrIX using except
chrVIII using except
chrV using except
chrXI using except
chrX using except
chrXIV using except
chrII using except
chrXIII using except
chrXVI using except
chrXII using except
chrVII using except
chrXV using except
chrIV using except
Mito using except
chrI using except
chrVI using except
chrIII using except
chrIX using except
chrVIII using except
chrV using except
chrXI using except
chrX using except
chrXIV using except
chrII using except
chrXIII using except
chrXVI using except
chrXII using except
chrVII using except
chrXV using except
chrIV using except
Mito using except
chrI using except
chrVI using except
chrIII using except
chrIX using except
chrVIII using except
chrV using except
chrXI using except
chrX using except
chrXIV using except
chrII using except
chrXIII using except
chrXVI using except
chrXII using except
chrVII using except
chrXV using except
chrIV using except
